2019-03-13T00:29:44.758Z - info: [ui] Executing fetch: git -c credential.helper= -c protocol.version=2 fetch --progress --prune origin (took 1.726s)
2019-03-13T01:02:06.716Z - info: [ui] Executing fetch: git -c credential.helper= -c protocol.version=2 fetch --progress --prune origin (took 3.758s)
2019-03-13T01:34:26.811Z - info: [ui] Executing fetch: git -c credential.helper= -c protocol.version=2 fetch --progress --prune origin (took 1.751s)
2019-03-13T02:06:50.494Z - info: [ui] Executing fetch: git -c credential.helper= -c protocol.version=2 fetch --progress --prune origin (took 1.581s)
2019-03-13T02:18:31.096Z - info: [ui] [AppStore.withAuthenticatingUser] account found for repository: LegalSubstances - charmaine-lim (has token)
2019-03-13T02:18:33.541Z - info: [ui] Executing pull: git -c credential.helper= -c protocol.version=2 pull --progress origin (took 2.337s)
2019-03-13T21:05:09.843Z - info: [ui] [AppStore] loading 1 repositories from store
2019-03-13T21:05:09.844Z - info: [ui] [AppStore] found account: charmaine-lim (charmaine-lim)
2019-03-13T21:05:10.209Z - info: [ui] launching: 1.6.4 (Windows 10.0.17134)
2019-03-13T21:05:10.209Z - info: [ui] execPath: 'D:\Users\charmaine.lim6440\AppData\Local\GitHubDesktop\app-1.6.4\GitHubDesktop.exe'
2019-03-13T21:05:12.855Z - info: [ui] Executing getStatus: git --no-optional-locks status --untracked-files=all --branch --porcelain=2 -z (took 2.913s)
2019-03-13T21:05:13.836Z - info: [ui] [AppStore.withAuthenticatingUser] account found for repository: LegalSubstances - charmaine-lim (has token)
2019-03-13T21:05:14.989Z - info: [ui] Executing getRecentBranches: git log -g --no-abbrev-commit --pretty=oneline HEAD -n 2500 -- (took 1.999s)
2019-03-13T21:05:20.337Z - info: [ui] Executing fetch: git -c credential.helper= -c protocol.version=2 fetch --progress --prune origin (took 1.534s)
2019-03-13T21:05:39.260Z - info: [ui] [AppStore.withAuthenticatingUser] account found for repository: LegalSubstances - charmaine-lim (has token)
2019-03-13T21:05:40.785Z - info: [ui] Executing fetch: git -c credential.helper= -c protocol.version=2 fetch --progress --prune origin (took 1.468s)
2019-03-13T21:36:23.460Z - info: [ui] Executing fetch: git -c credential.helper= -c protocol.version=2 fetch --progress --prune origin (took 1.583s)
2019-03-13T22:07:25.935Z - info: [ui] Executing fetch: git -c credential.helper= -c protocol.version=2 fetch --progress --prune origin (took 2.101s)
2019-03-13T22:38:28.467Z - info: [ui] Executing fetch: git -c credential.helper= -c protocol.version=2 fetch --progress --prune origin (took 1.635s)
2019-03-13T23:09:32.452Z - info: [ui] Executing fetch: git -c credential.helper= -c protocol.version=2 fetch --progress --prune origin (took 2.634s)
2019-03-13T23:40:35.418Z - info: [ui] Executing fetch: git -c credential.helper= -c protocol.version=2 fetch --progress --prune origin (took 1.618s)
