2019-03-20T00:05:38.463Z - info: [ui] Executing fetch: git -c credential.helper= -c protocol.version=2 fetch --progress --prune origin (took 1.598s)
2019-03-20T00:37:29.165Z - info: [ui] Executing fetch: git -c credential.helper= -c protocol.version=2 fetch --progress --prune origin (took 2.304s)
2019-03-20T01:09:19.717Z - info: [ui] Executing fetch: git -c credential.helper= -c protocol.version=2 fetch --progress --prune origin (took 1.810s)
2019-03-20T01:41:10.286Z - info: [ui] Executing fetch: git -c credential.helper= -c protocol.version=2 fetch --progress --prune origin (took 1.495s)
2019-03-20T02:12:57.882Z - info: [ui] Executing fetch: git -c credential.helper= -c protocol.version=2 fetch --progress --prune origin (took 1.553s)
2019-03-20T02:44:45.653Z - info: [ui] Executing fetch: git -c credential.helper= -c protocol.version=2 fetch --progress --prune origin (took 1.669s)
2019-03-20T02:58:30.481Z - info: [ui] Executing getRecentBranches: git log -g --no-abbrev-commit --pretty=oneline HEAD -n 2500 -- (took 1.071s)
2019-03-20T21:11:04.995Z - info: [ui] [AppStore] loading 1 repositories from store
2019-03-20T21:11:04.995Z - info: [ui] [AppStore] found account: charmaine-lim (charmaine-lim)
2019-03-20T21:11:05.333Z - info: [ui] launching: 1.6.5 (Windows 10.0.17134)
2019-03-20T21:11:05.333Z - info: [ui] execPath: 'D:\Users\charmaine.lim6440\AppData\Local\GitHubDesktop\app-1.6.5\GitHubDesktop.exe'
2019-03-20T21:11:07.379Z - info: [ui] Executing getStatus: git --no-optional-locks status --untracked-files=all --branch --porcelain=2 -z (took 2.295s)
2019-03-20T21:11:08.708Z - info: [ui] Executing getRecentBranches: git log -g --no-abbrev-commit --pretty=oneline HEAD -n 2500 -- (took 1.204s)
2019-03-20T21:11:16.948Z - info: [ui] Executing fetch: git -c credential.helper= -c protocol.version=2 fetch --progress --prune origin (took 7.375s)
2019-03-20T21:11:24.839Z - info: [ui] [AppStore.withAuthenticatingUser] account found for repository: LegalSubstances - charmaine-lim (has token)
2019-03-20T21:11:28.472Z - info: [ui] Executing pull: git -c credential.helper= -c protocol.version=2 pull --progress origin (took 3.517s)
2019-03-20T21:41:53.750Z - info: [ui] Executing fetch: git -c credential.helper= -c protocol.version=2 fetch --progress --prune origin (took 1.564s)
2019-03-20T22:12:31.722Z - info: [ui] Executing fetch: git -c credential.helper= -c protocol.version=2 fetch --progress --prune origin (took 1.537s)
2019-03-20T22:43:08.561Z - info: [ui] [AppStore.withAuthenticatingUser] account found for repository: LegalSubstances - charmaine-lim (has token)
2019-03-20T22:43:43.461Z - info: [ui] Executing fetch: git -c credential.helper= -c protocol.version=2 fetch --progress --prune origin (took 35.282s)
2019-03-20T23:01:04.005Z - info: [ui] [AppStore.withAuthenticatingUser] account found for repository: LegalSubstances - charmaine-lim (has token)
2019-03-20T23:01:08.988Z - info: [ui] Executing pull: git -c credential.helper= -c protocol.version=2 pull --progress origin (took 4.864s)
2019-03-20T23:01:28.078Z - info: [ui] [AppStore.withAuthenticatingUser] account found for repository: LegalSubstances - charmaine-lim (has token)
2019-03-20T23:01:34.499Z - info: [ui] Executing push: git -c credential.helper= -c protocol.version=2 push origin master:master --progress (took 6.372s)
2019-03-20T23:01:36.014Z - info: [ui] Executing fetch: git -c credential.helper= -c protocol.version=2 fetch --progress --prune origin (took 1.471s)
