2019-03-14T00:11:40.021Z - info: [ui] Executing fetch: git -c credential.helper= -c protocol.version=2 fetch --progress --prune origin (took 3.109s)
2019-03-14T00:11:44.033Z - info: [ui] Executing getStatus: git --no-optional-locks status --untracked-files=all --branch --porcelain=2 -z (took 3.226s)
2019-03-14T00:11:49.637Z - info: [ui] Executing getRecentBranches: git log -g --no-abbrev-commit --pretty=oneline HEAD -n 2500 -- (took 5.593s)
2019-03-14T00:14:13.129Z - info: [ui] [AppStore.withAuthenticatingUser] account found for repository: LegalSubstances - charmaine-lim (has token)
2019-03-14T00:14:14.891Z - info: [ui] Executing merge-base: git merge-base master origin/master (took 1.761s)
2019-03-14T00:14:16.094Z - info: [ui] Executing getStatus: git --no-optional-locks status --untracked-files=all --branch --porcelain=2 -z (took 5.297s)
2019-03-14T00:14:22.533Z - info: [ui] Executing getRecentBranches: git log -g --no-abbrev-commit --pretty=oneline HEAD -n 2500 -- (took 6.427s)
2019-03-14T00:14:28.688Z - info: [ui] Executing getStatus: git --no-optional-locks status --untracked-files=all --branch --porcelain=2 -z (took 5.399s)
2019-03-14T00:14:59.458Z - info: [ui] Executing pull: git -c credential.helper= -c protocol.version=2 pull --progress origin (took 44.492s)
2019-03-14T00:15:04.232Z - info: [ui] Executing getStatus: git --no-optional-locks status --untracked-files=all --branch --porcelain=2 -z (took 4.768s)
2019-03-14T00:15:09.233Z - info: [ui] Executing getRecentBranches: git log -g --no-abbrev-commit --pretty=oneline HEAD -n 2500 -- (took 4.661s)
2019-03-14T00:15:18.862Z - info: [ui] Executing getCommits: git log HEAD --date=raw --max-count=100 --pretty=%H%x1F%h%x1F%s%x1F%b%x1F%an <%ae> %ad%x1F%cn <%ce> %cd%x1F%P%x1F%(trailers:unfold,only) -z --no-show-signature --no-color -- (took 9.249s)
2019-03-14T00:15:34.755Z - info: [ui] Executing getStatus: git --no-optional-locks status --untracked-files=all --branch --porcelain=2 -z (took 7.377s)
2019-03-14T00:15:36.471Z - info: [ui] Executing getWorkingDirectoryDiff: git diff HEAD --no-ext-diff --patch-with-raw -z --no-color -- NatureSurvives/Assets/Art/Textures/square-8.jpg.meta (took 1.715s)
2019-03-14T00:15:43.655Z - info: [ui] Executing getRecentBranches: git log -g --no-abbrev-commit --pretty=oneline HEAD -n 2500 -- (took 8.889s)
2019-03-14T00:15:45.053Z - info: [ui] Executing getCommits: git log origin/master..master --date=raw --max-count=100 --pretty=%H%x1F%h%x1F%s%x1F%b%x1F%an <%ae> %ad%x1F%cn <%ce> %cd%x1F%P%x1F%(trailers:unfold,only) -z --no-show-signature --no-color -- (took 1.392s)
2019-03-14T00:15:51.344Z - info: [ui] Executing getStatus: git --no-optional-locks status --untracked-files=all --branch --porcelain=2 -z (took 6.290s)
2019-03-14T02:10:59.042Z - info: [ui] [AppStore] loading 1 repositories from store
2019-03-14T02:10:59.043Z - info: [ui] [AppStore] found account: charmaine-lim (charmaine-lim)
2019-03-14T02:10:59.524Z - info: [ui] launching: 1.6.4 (Windows 10.0.17134)
2019-03-14T02:10:59.525Z - info: [ui] execPath: 'D:\Users\charmaine.lim6440\AppData\Local\GitHubDesktop\app-1.6.4\GitHubDesktop.exe'
2019-03-14T02:11:00.484Z - info: [ui] Stats reported.
2019-03-14T02:11:02.789Z - info: [ui] [AppStore.withAuthenticatingUser] account found for repository: LegalSubstances - charmaine-lim (has token)
2019-03-14T02:11:04.672Z - info: [ui] Executing fetch: git -c credential.helper= -c protocol.version=2 fetch --progress --prune origin (took 1.828s)
2019-03-14T02:14:30.964Z - info: [main] Received possible protocol arguments: 1
2019-03-14T02:14:44.972Z - info: [ui] Executing createCommit: git commit -F - (took 1.278s)
2019-03-14T02:14:47.624Z - info: [ui] [AppStore.withAuthenticatingUser] account found for repository: LegalSubstances - charmaine-lim (has token)
2019-03-14T02:14:54.573Z - info: [ui] Executing push: git -c credential.helper= -c protocol.version=2 push origin master:master --progress (took 6.903s)
2019-03-14T02:14:56.112Z - info: [ui] Executing fetch: git -c credential.helper= -c protocol.version=2 fetch --progress --prune origin (took 1.495s)
2019-03-14T02:47:00.824Z - info: [ui] Executing fetch: git -c credential.helper= -c protocol.version=2 fetch --progress --prune origin (took 1.998s)
2019-03-14T02:47:02.931Z - info: [ui] [AppStore.withAuthenticatingUser] account found for repository: LegalSubstances - charmaine-lim (has token)
2019-03-14T02:47:05.544Z - info: [ui] Executing pull: git -c credential.helper= -c protocol.version=2 pull --progress origin (took 2.520s)
2019-03-14T02:47:07.923Z - info: [ui] [AppStore.withAuthenticatingUser] account found for repository: LegalSubstances - charmaine-lim (has token)
2019-03-14T02:47:09.438Z - info: [ui] Executing fetch: git -c credential.helper= -c protocol.version=2 fetch --progress --prune origin (took 1.469s)
2019-03-14T21:00:49.460Z - info: [ui] [AppStore] loading 1 repositories from store
2019-03-14T21:00:49.460Z - info: [ui] [AppStore] found account: charmaine-lim (charmaine-lim)
2019-03-14T21:00:49.607Z - info: [ui] launching: 1.6.4 (Windows 10.0.17134)
2019-03-14T21:00:49.607Z - info: [ui] execPath: 'D:\Users\charmaine.lim6440\AppData\Local\GitHubDesktop\app-1.6.4\GitHubDesktop.exe'
2019-03-14T21:00:51.918Z - info: [ui] Executing getStatus: git --no-optional-locks status --untracked-files=all --branch --porcelain=2 -z (took 2.351s)
2019-03-14T21:00:53.137Z - info: [ui] Executing getRecentBranches: git log -g --no-abbrev-commit --pretty=oneline HEAD -n 2500 -- (took 1.104s)
2019-03-14T21:00:58.959Z - info: [ui] [AppStore.withAuthenticatingUser] account found for repository: LegalSubstances - charmaine-lim (has token)
2019-03-14T21:01:04.722Z - info: [ui] Executing fetch: git -c credential.helper= -c protocol.version=2 fetch --progress --prune origin (took 5.708s)
2019-03-14T21:01:07.767Z - info: [ui] [AppStore.withAuthenticatingUser] account found for repository: LegalSubstances - charmaine-lim (has token)
2019-03-14T21:01:13.360Z - info: [ui] Executing pull: git -c credential.helper= -c protocol.version=2 pull --progress origin (took 5.498s)
2019-03-14T21:33:55.162Z - info: [ui] Executing fetch: git -c credential.helper= -c protocol.version=2 fetch --progress --prune origin (took 1.577s)
2019-03-14T22:06:36.295Z - info: [ui] Executing fetch: git -c credential.helper= -c protocol.version=2 fetch --progress --prune origin (took 1.869s)
2019-03-14T22:23:13.408Z - info: [ui] [AppStore.withAuthenticatingUser] account found for repository: LegalSubstances - charmaine-lim (has token)
2019-03-14T22:23:19.833Z - info: [ui] Executing push: git -c credential.helper= -c protocol.version=2 push origin master:master --progress (took 6.380s)
2019-03-14T22:23:21.364Z - info: [ui] Executing fetch: git -c credential.helper= -c protocol.version=2 fetch --progress --prune origin (took 1.483s)
2019-03-14T22:55:40.798Z - info: [ui] Executing fetch: git -c credential.helper= -c protocol.version=2 fetch --progress --prune origin (took 1.561s)
2019-03-14T23:06:05.085Z - info: [main] Received possible protocol arguments: 1
2019-03-14T23:16:46.906Z - info: [ui] [AppStore.withAuthenticatingUser] account found for repository: LegalSubstances - charmaine-lim (has token)
2019-03-14T23:16:53.635Z - info: [ui] Executing push: git -c credential.helper= -c protocol.version=2 push origin master:master --progress (took 6.683s)
2019-03-14T23:16:55.198Z - info: [ui] Executing fetch: git -c credential.helper= -c protocol.version=2 fetch --progress --prune origin (took 1.522s)
2019-03-14T23:16:57.074Z - info: [ui] [AppStore.withAuthenticatingUser] account found for repository: LegalSubstances - charmaine-lim (has token)
2019-03-14T23:16:58.577Z - info: [ui] Executing fetch: git -c credential.helper= -c protocol.version=2 fetch --progress --prune origin (took 1.450s)
2019-03-14T23:37:21.527Z - info: [ui] [AppStore] loading 1 repositories from store
2019-03-14T23:37:21.528Z - info: [ui] [AppStore] found account: charmaine-lim (charmaine-lim)
2019-03-14T23:37:21.688Z - info: [ui] launching: 1.6.4 (Windows 10.0.17134)
2019-03-14T23:37:21.689Z - info: [ui] execPath: 'D:\Users\charmaine.lim6440\AppData\Local\GitHubDesktop\app-1.6.4\GitHubDesktop.exe'
2019-03-14T23:48:37.833Z - info: [ui] Executing fetch: git -c credential.helper= -c protocol.version=2 fetch --progress --prune origin (took 1.610s)
