2019-03-06T00:03:36.302Z - info: [ui] [AppStore.withAuthenticatingUser] account found for repository: LegalSubstances - charmaine-lim (has token)
2019-03-06T02:29:21.521Z - info: [ui] [AppStore] loading 1 repositories from store
2019-03-06T02:29:21.521Z - info: [ui] [AppStore] found account: charmaine-lim (charmaine-lim)
2019-03-06T02:29:21.735Z - info: [ui] launching: 1.6.2 (Windows 10.0.17134)
2019-03-06T02:29:21.735Z - info: [ui] execPath: 'D:\Users\charmaine.lim6440\AppData\Local\GitHubDesktop\app-1.6.2\GitHubDesktop.exe'
2019-03-06T02:29:23.140Z - info: [ui] Stats reported.
2019-03-06T02:29:27.613Z - info: [ui] [AppStore.withAuthenticatingUser] account found for repository: LegalSubstances - charmaine-lim (has token)
2019-03-06T02:30:14.357Z - info: [ui] [AppStore.withAuthenticatingUser] account found for repository: LegalSubstances - charmaine-lim (has token)
2019-03-06T02:30:20.787Z - info: [ui] Executing push: git -c credential.helper= push origin master:master --progress (took 6.417s)
2019-03-06T21:05:20.101Z - info: [ui] [AppStore] loading 1 repositories from store
2019-03-06T21:05:20.102Z - info: [ui] [AppStore] found account: charmaine-lim (charmaine-lim)
2019-03-06T21:05:20.333Z - info: [ui] launching: 1.6.2 (Windows 10.0.17134)
2019-03-06T21:05:20.333Z - info: [ui] execPath: 'D:\Users\charmaine.lim6440\AppData\Local\GitHubDesktop\app-1.6.2\GitHubDesktop.exe'
2019-03-06T21:05:22.171Z - info: [ui] Executing getStatus: git --no-optional-locks status --untracked-files=all --branch --porcelain=2 -z (took 1.968s)
2019-03-06T21:05:23.673Z - info: [ui] [AppStore.withAuthenticatingUser] account found for repository: LegalSubstances - charmaine-lim (has token)
2019-03-06T21:05:29.635Z - info: [ui] Executing fetch: git -c credential.helper= fetch --progress --prune origin (took 5.950s)
2019-03-06T21:05:32.960Z - info: [ui] [AppStore.withAuthenticatingUser] account found for repository: LegalSubstances - charmaine-lim (has token)
2019-03-06T21:05:36.587Z - info: [ui] Executing pull: git -c credential.helper= pull --no-rebase --progress origin (took 3.564s)
2019-03-06T21:36:21.564Z - info: [ui] Executing fetch: git -c credential.helper= fetch --progress --prune origin (took 1.256s)
2019-03-06T23:09:06.394Z - info: [ui] Executing fetch: git -c credential.helper= fetch --progress --prune origin (took 1.155s)
2019-03-06T23:40:03.203Z - info: [ui] Executing fetch: git -c credential.helper= fetch --progress --prune origin (took 1.984s)
