2019-03-19T00:09:45.331Z - info: [ui] Executing fetch: git -c credential.helper= -c protocol.version=2 fetch --progress --prune origin (took 1.591s)
2019-03-19T00:24:37.261Z - info: [main] Received possible protocol arguments: 1
2019-03-19T00:24:38.576Z - info: [ui] [AppStore.withAuthenticatingUser] account found for repository: LegalSubstances - charmaine-lim (has token)
2019-03-19T00:24:45.312Z - info: [ui] Executing pull: git -c credential.helper= -c protocol.version=2 pull --progress origin (took 6.633s)
2019-03-19T00:58:06.507Z - info: [ui] Executing fetch: git -c credential.helper= -c protocol.version=2 fetch --progress --prune origin (took 2.803s)
2019-03-19T01:05:33.472Z - info: [ui] [AppStore.withAuthenticatingUser] account found for repository: LegalSubstances - charmaine-lim (has token)
2019-03-19T01:05:38.980Z - info: [ui] Executing pull: git -c credential.helper= -c protocol.version=2 pull --progress origin (took 5.393s)
2019-03-19T01:05:51.147Z - info: [ui] No submodules found. Skipping "git submodule status"
2019-03-19T01:06:28.880Z - info: [ui] [AppStore.withAuthenticatingUser] account found for repository: LegalSubstances - charmaine-lim (has token)
2019-03-19T01:06:35.527Z - info: [ui] Executing push: git -c credential.helper= -c protocol.version=2 push origin master:master --progress (took 6.600s)
2019-03-19T01:06:37.062Z - info: [ui] Executing fetch: git -c credential.helper= -c protocol.version=2 fetch --progress --prune origin (took 1.484s)
2019-03-19T01:06:41.438Z - info: [ui] [AppStore.withAuthenticatingUser] account found for repository: LegalSubstances - charmaine-lim (has token)
2019-03-19T01:06:42.985Z - info: [ui] Executing fetch: git -c credential.helper= -c protocol.version=2 fetch --progress --prune origin (took 1.486s)
2019-03-19T01:09:31.649Z - info: [main] Received possible protocol arguments: 1
2019-03-19T01:09:48.845Z - info: [ui] [AppStore.withAuthenticatingUser] account found for repository: LegalSubstances - charmaine-lim (has token)
2019-03-19T01:09:55.355Z - info: [ui] Executing push: git -c credential.helper= -c protocol.version=2 push origin master:master --progress (took 6.463s)
2019-03-19T01:09:57.040Z - info: [ui] Executing fetch: git -c credential.helper= -c protocol.version=2 fetch --progress --prune origin (took 1.640s)
2019-03-19T22:24:04.188Z - info: [ui] [AppStore] loading 1 repositories from store
2019-03-19T22:24:04.188Z - info: [ui] [AppStore] found account: charmaine-lim (charmaine-lim)
2019-03-19T22:24:04.400Z - info: [ui] launching: 1.6.4 (Windows 10.0.17134)
2019-03-19T22:24:04.400Z - info: [ui] execPath: 'D:\Users\charmaine.lim6440\AppData\Local\GitHubDesktop\app-1.6.4\GitHubDesktop.exe'
2019-03-19T22:24:05.297Z - info: [ui] Stats reported.
2019-03-19T22:24:05.718Z - info: [ui] [AppStore.withAuthenticatingUser] account found for repository: LegalSubstances - charmaine-lim (has token)
2019-03-19T22:24:09.446Z - info: [ui] Executing getStatus: git --no-optional-locks status --untracked-files=all --branch --porcelain=2 -z (took 5.136s)
2019-03-19T22:24:12.622Z - info: [ui] Executing getRecentBranches: git log -g --no-abbrev-commit --pretty=oneline HEAD -n 2500 -- (took 2.878s)
2019-03-19T22:24:14.663Z - info: [ui] Executing getCommits: git log HEAD --date=raw --max-count=100 --pretty=%H%x1F%h%x1F%s%x1F%b%x1F%an <%ae> %ad%x1F%cn <%ce> %cd%x1F%P%x1F%(trailers:unfold,only) -z --no-show-signature --no-color -- (took 1.883s)
2019-03-19T22:24:15.653Z - info: [ui] [AppStore.withAuthenticatingUser] account found for repository: LegalSubstances - charmaine-lim (has token)
2019-03-19T22:24:33.397Z - info: [ui] Executing fetch: git -c credential.helper= -c protocol.version=2 fetch --progress --prune origin (took 17.674s)
2019-03-19T22:25:14.355Z - info: [ui] [AppStore.withAuthenticatingUser] account found for repository: LegalSubstances - charmaine-lim (has token)
2019-03-19T22:25:23.761Z - info: [ui] Executing pull: git -c credential.helper= -c protocol.version=2 pull --progress origin (took 9.277s)
2019-03-19T22:28:25.314Z - info: [ui] Executing getRecentBranches: git log -g --no-abbrev-commit --pretty=oneline HEAD -n 2500 -- (took 1.080s)
2019-03-19T22:28:57.591Z - info: [ui] Executing getRecentBranches: git log -g --no-abbrev-commit --pretty=oneline HEAD -n 2500 -- (took 1.086s)
2019-03-19T22:56:07.562Z - info: [ui] [AppStore.withAuthenticatingUser] account found for repository: LegalSubstances - charmaine-lim (has token)
2019-03-19T22:56:15.058Z - info: [ui] Executing fetch: git -c credential.helper= -c protocol.version=2 fetch --progress --prune origin (took 8.577s)
2019-03-19T22:56:16.360Z - info: [ui] Executing getRecentBranches: git log -g --no-abbrev-commit --pretty=oneline HEAD -n 2500 -- (took 1.086s)
2019-03-19T23:28:28.165Z - info: [ui] Executing fetch: git -c credential.helper= -c protocol.version=2 fetch --progress --prune origin (took 26.528s)
2019-03-19T23:28:31.064Z - info: [ui] Executing getRecentBranches: git log -g --no-abbrev-commit --pretty=oneline HEAD -n 2500 -- (took 1.952s)
2019-03-19T23:30:17.768Z - info: [ui] [AppStore.withAuthenticatingUser] account found for repository: LegalSubstances - charmaine-lim (has token)
2019-03-19T23:30:25.971Z - info: [ui] Executing pull: git -c credential.helper= -c protocol.version=2 pull --progress origin (took 7.965s)
2019-03-19T23:30:53.275Z - info: [ui] [AppStore.withAuthenticatingUser] account found for repository: LegalSubstances - charmaine-lim (has token)
2019-03-19T23:30:59.780Z - info: [ui] Executing push: git -c credential.helper= -c protocol.version=2 push origin master:master --progress (took 6.458s)
2019-03-19T23:31:01.325Z - info: [ui] Executing fetch: git -c credential.helper= -c protocol.version=2 fetch --progress --prune origin (took 1.494s)
2019-03-19T23:35:01.252Z - info: [ui] Executing getRecentBranches: git log -g --no-abbrev-commit --pretty=oneline HEAD -n 2500 -- (took 1.084s)
