2019-03-17T21:40:47.813Z - info: [ui] [AppStore] loading 1 repositories from store
2019-03-17T21:40:47.814Z - info: [ui] [AppStore] found account: charmaine-lim (charmaine-lim)
2019-03-17T21:40:47.973Z - info: [ui] launching: 1.6.4 (Windows 10.0.17134)
2019-03-17T21:40:47.973Z - info: [ui] execPath: 'D:\Users\charmaine.lim6440\AppData\Local\GitHubDesktop\app-1.6.4\GitHubDesktop.exe'
2019-03-17T21:40:48.831Z - info: [ui] Stats reported.
2019-03-17T21:40:51.452Z - info: [ui] Executing getStatus: git --no-optional-locks status --untracked-files=all --branch --porcelain=2 -z (took 3.532s)
2019-03-17T21:40:51.453Z - info: [ui] Executing getStatus: git --no-optional-locks status --untracked-files=all --branch --porcelain=2 -z (took 1.760s)
2019-03-17T21:40:53.850Z - info: [ui] Executing getRecentBranches: git log -g --no-abbrev-commit --pretty=oneline HEAD -n 2500 -- (took 2.196s)
2019-03-17T21:40:53.881Z - info: [ui] Executing getRecentBranches: git log -g --no-abbrev-commit --pretty=oneline HEAD -n 2500 -- (took 2.271s)
2019-03-17T21:41:01.384Z - info: [ui] [AppStore.withAuthenticatingUser] account found for repository: LegalSubstances - charmaine-lim (has token)
2019-03-17T21:41:11.260Z - info: [ui] Executing fetch: git -c credential.helper= -c protocol.version=2 fetch --progress --prune origin (took 9.791s)
2019-03-17T21:41:30.216Z - info: [ui] [AppStore.withAuthenticatingUser] account found for repository: LegalSubstances - charmaine-lim (has token)
2019-03-17T21:41:40.275Z - info: [ui] Executing pull: git -c credential.helper= -c protocol.version=2 pull --progress origin (took 9.730s)
2019-03-17T21:41:42.731Z - info: [ui] Executing getCommits: git log HEAD --date=raw --max-count=100 --pretty=%H%x1F%h%x1F%s%x1F%b%x1F%an <%ae> %ad%x1F%cn <%ce> %cd%x1F%P%x1F%(trailers:unfold,only) -z --no-show-signature --no-color -- (took 1.045s)
2019-03-17T21:42:41.811Z - info: [ui] Executing getStatus: git --no-optional-locks status --untracked-files=all --branch --porcelain=2 -z (took 1.015s)
2019-03-17T21:48:05.406Z - info: [ui] Executing getRecentBranches: git log -g --no-abbrev-commit --pretty=oneline HEAD -n 2500 -- (took 1.346s)
2019-03-17T22:16:13.106Z - info: [ui] Executing fetch: git -c credential.helper= -c protocol.version=2 fetch --progress --prune origin (took 1.664s)
2019-03-17T22:46:30.687Z - info: [ui] Executing fetch: git -c credential.helper= -c protocol.version=2 fetch --progress --prune origin (took 1.761s)
2019-03-17T23:16:50.669Z - info: [ui] Executing fetch: git -c credential.helper= -c protocol.version=2 fetch --progress --prune origin (took 1.784s)
2019-03-17T23:26:30.415Z - info: [ui] [AppStore.withAuthenticatingUser] account found for repository: LegalSubstances - charmaine-lim (has token)
2019-03-17T23:26:31.947Z - info: [ui] Executing fetch: git -c credential.helper= -c protocol.version=2 fetch --progress --prune origin (took 1.481s)
2019-03-17T23:33:40.648Z - info: [ui] [AppStore.withAuthenticatingUser] account found for repository: LegalSubstances - charmaine-lim (has token)
2019-03-17T23:33:42.209Z - info: [ui] Executing fetch: git -c credential.helper= -c protocol.version=2 fetch --progress --prune origin (took 1.502s)
2019-03-17T23:34:27.729Z - info: [ui] Executing createCommit: git commit -F - (took 1.223s)
2019-03-17T23:34:36.681Z - info: [ui] [AppStore.withAuthenticatingUser] account found for repository: LegalSubstances - charmaine-lim (has token)
2019-03-17T23:34:43.666Z - info: [ui] Executing push: git -c credential.helper= -c protocol.version=2 push origin master:master --progress (took 6.928s)
2019-03-17T23:34:45.208Z - info: [ui] Executing fetch: git -c credential.helper= -c protocol.version=2 fetch --progress --prune origin (took 1.495s)
